<?xml version="1.0" encoding="UTF-8"?>
<testng-results skipped="0" failed="0" ignored="0" total="1" passed="1">
  <reporter-output>
  </reporter-output>
  <suite name="Default suite" duration-ms="175" started-at="2020-05-09T10:47:48 IST" finished-at="2020-05-09T10:47:48 IST">
    <groups>
    </groups>
    <test name="Default test" duration-ms="175" started-at="2020-05-09T10:47:48 IST" finished-at="2020-05-09T10:47:48 IST">
      <class name="invoiceapp.base.Testengine">
        <test-method status="PASS" signature="startSuite()[pri:0, instance:invoiceapp.base.Testengine@23faf8f2]" name="startSuite" is-config="true" duration-ms="113" started-at="2020-05-09T10:47:47 IST" finished-at="2020-05-09T10:47:48 IST">
          <reporter-output>
          </reporter-output>
        </test-method> <!-- startSuite -->
        <test-method status="PASS" signature="startTest()[pri:0, instance:invoiceapp.base.Testengine@23faf8f2]" name="startTest" is-config="true" duration-ms="133" started-at="2020-05-09T10:47:48 IST" finished-at="2020-05-09T10:47:48 IST">
          <reporter-output>
          </reporter-output>
        </test-method> <!-- startTest -->
        <test-method status="PASS" signature="jon()[pri:0, instance:invoiceapp.base.Testengine@23faf8f2]" name="jon" duration-ms="6" started-at="2020-05-09T10:47:48 IST" finished-at="2020-05-09T10:47:48 IST">
          <reporter-output>
          </reporter-output>
        </test-method> <!-- jon -->
      </class> <!-- invoiceapp.base.Testengine -->
    </test> <!-- Default test -->
  </suite> <!-- Default suite -->
</testng-results>
